============================= test session starts ==============================
platform linux -- Python 3.7.5, pytest-5.3.0, py-1.8.0, pluggy-0.13.0
Using --random-order-bucket=module
Using --random-order-seed=465119

hypothesis profile 'default' -> database=DirectoryBasedExampleDatabase('/all/oz1/trezor-firmware/legacy/.hypothesis/examples')
rootdir: /all/oz1/trezor-firmware, inifile: setup.cfg
plugins: random-order-1.0.4, flaky-3.6.1, ordering-0.6, hypothesis-4.38.1
collected 459 items

../tests/device_tests/test_msg_clearsession.py .                         [  0%]
../tests/device_tests/test_msg_ping.py ..                                [  0%]
../tests/device_tests/test_msg_getpublickey_curve.py ....                [  1%]
../tests/device_tests/test_msg_signtx.py ..................              [  5%]
../tests/device_tests/test_msg_nem_signtx_transfers.py .......           [  6%]
../tests/device_tests/test_msg_cipherkeyvalue.py ....                    [  7%]
../tests/device_tests/test_zerosig.py ..                                 [  8%]
../tests/device_tests/test_msg_changepin_t2.py sssss                     [  9%]
../tests/device_tests/test_msg_lisk_getpublickey.py .                    [  9%]
../tests/device_tests/test_msg_tezos_getaddress.py s                     [  9%]
../tests/device_tests/test_msg_nem_signtx_mosaics.py ....                [ 10%]
../tests/device_tests/test_msg_ethereum_getpublickey.py .                [ 10%]
../tests/device_tests/test_msg_recoverydevice_bip39_t2.py sss            [ 11%]
../tests/device_tests/test_msg_applysettings.py ......                   [ 12%]
../tests/device_tests/test_msg_lisk_signtx.py .s.....                    [ 14%]
../tests/device_tests/test_msg_ethereum_signmessage.py .                 [ 14%]
../tests/device_tests/test_reset_recovery_slip39_advanced.py s           [ 14%]
../tests/device_tests/test_msg_lisk_verifymessage.py ..                  [ 15%]
../tests/device_tests/test_msg_stellar_sign_transaction.py ..........    [ 17%]
../tests/device_tests/test_msg_signtx_capricoin.py s                     [ 17%]
../tests/device_tests/test_msg_monero_getwatchkey.py s                   [ 17%]
../tests/device_tests/test_msg_signtx_bcash.py .......                   [ 19%]
../tests/device_tests/test_msg_ethereum_verifymessage.py ..              [ 19%]
../tests/device_tests/test_msg_resetdevice_bip39_skipbackup.py ....      [ 20%]
../tests/device_tests/test_msg_signmessage.py ......                     [ 22%]
../tests/device_tests/test_msg_monero_getaddress.py s                    [ 22%]
../tests/device_tests/test_msg_getaddress_segwit.py ...                  [ 22%]
../tests/device_tests/test_basic.py ....                                 [ 23%]
../tests/device_tests/test_msg_nem_signtx_multisig.py ...                [ 24%]
../tests/device_tests/test_msg_verifymessage_segwit_native.py ....       [ 25%]
../tests/device_tests/test_msg_signtx_grs.py ......                      [ 26%]
../tests/device_tests/test_msg_signmessage_decred.py ....                [ 27%]
../tests/device_tests/test_passphrase_slip39_advanced.py ss              [ 27%]
../tests/device_tests/test_msg_resetdevice_slip39_basic.py s             [ 28%]
../tests/device_tests/test_msg_eos_get_public_key.py s                   [ 28%]
../tests/device_tests/test_msg_tezos_getpublickey.py s                   [ 28%]
../tests/device_tests/test_msg_webauthn.py s                             [ 28%]
../tests/device_tests/test_msg_resetdevice_bip39_t2.py ssss              [ 29%]
../tests/device_tests/test_msg_cardano_sign_tx_slip39_basic.py sss       [ 30%]
../tests/device_tests/test_msg_signmessage_segwit_native.py .....        [ 31%]
../tests/device_tests/test_protect_call.py ......                        [ 32%]
../tests/device_tests/test_msg_signtx_komodo.py ..                       [ 33%]
../tests/device_tests/test_msg_recoverydevice_slip39_advanced.py sssssss [ 34%]
                                                                         [ 34%]
../tests/device_tests/test_multisig.py ...                               [ 35%]
../tests/device_tests/test_debuglink.py ...                              [ 35%]
../tests/device_tests/test_msg_signtx_dash.py ..                         [ 36%]
../tests/device_tests/test_msg_recoverydevice_bip39_dryrun.py .....s.... [ 38%]
                                                                         [ 38%]
../tests/device_tests/test_msg_ethereum_signtx.py ........               [ 40%]
../tests/device_tests/test_msg_sd_protect.py sss                         [ 40%]
../tests/device_tests/test_msg_nem_signtx_mosaics_t2.py ssss             [ 41%]
../tests/device_tests/test_msg_ethereum_getaddress.py .                  [ 42%]
../tests/device_tests/test_msg_recoverydevice_slip39_advanced_dryrun.py s [ 42%]
s                                                                        [ 42%]
../tests/device_tests/test_reset_recovery_slip39_basic.py s              [ 42%]
../tests/device_tests/test_msg_recoverydevice_bip39.py .....             [ 43%]
../tests/device_tests/test_msg_verifymessage_segwit.py ....              [ 44%]
../tests/device_tests/test_msg_binance_get_address.py ss                 [ 45%]
../tests/device_tests/test_msg_cardano_get_address.py sss                [ 45%]
../tests/device_tests/test_msg_recoverydevice_slip39_basic_dryrun.py ss  [ 46%]
../tests/device_tests/test_msg_signtx_segwit.py .....                    [ 47%]
../tests/device_tests/test_msg_resetdevice_slip39_advanced.py s          [ 47%]
../tests/device_tests/test_msg_changepin.py .....                        [ 48%]
../tests/device_tests/test_msg_lisk_getaddress.py .                      [ 48%]
../tests/device_tests/test_msg_eos_signtx.py ssssssssssssssss            [ 52%]
../tests/device_tests/test_u2f_counter.py .                              [ 52%]
../tests/device_tests/test_cancel.py ....                                [ 53%]
../tests/device_tests/test_msg_change_wipe_code_t1.py ....               [ 54%]
../tests/device_tests/test_msg_signtx_segwit_native.py .........         [ 56%]
../tests/device_tests/test_msg_backup_device.py .ss.s.                   [ 57%]
../tests/device_tests/test_msg_signtx_zcash.py ..                        [ 57%]
../tests/device_tests/test_msg_binance_get_public_key.py s               [ 58%]
../tests/device_tests/test_msg_getaddress.py ..........                  [ 60%]
../tests/device_tests/test_msg_signidentity.py .                         [ 60%]
../tests/device_tests/test_msg_wipedevice.py .                           [ 60%]
../tests/device_tests/test_msg_cardano_get_public_key.py ssss            [ 61%]
../tests/device_tests/test_bip32_speed.py ...                            [ 62%]
../tests/device_tests/test_msg_getentropy.py ....................        [ 66%]
../tests/device_tests/test_msg_nem_getaddress.py .                       [ 66%]
../tests/device_tests/test_msg_signtx_decred.py ...                      [ 67%]
../tests/device_tests/test_msg_cardano_get_public_key_slip39_basic.py ss [ 67%]
s                                                                        [ 68%]
../tests/device_tests/test_op_return.py ..                               [ 68%]
../tests/device_tests/test_cosi.py ...                                   [ 69%]
../tests/device_tests/test_msg_getaddress_segwit_native.py ...           [ 69%]
../tests/device_tests/test_msg_verifymessage.py .......                  [ 71%]
../tests/device_tests/test_msg_lisk_signmessage.py ..                    [ 71%]
../tests/device_tests/test_msg_ripple_sign_tx.py ss                      [ 72%]
../tests/device_tests/test_multisig_change.py ........                   [ 74%]
../tests/device_tests/test_msg_recoverydevice_slip39_basic.py ssssssssss [ 76%]
s                                                                        [ 76%]
../tests/device_tests/test_msg_ripple_get_address.py ss                  [ 76%]
../tests/device_tests/test_msg_signmessage_segwit.py .....               [ 77%]
../tests/device_tests/test_msg_getpublickey.py ....                      [ 78%]
../tests/device_tests/test_msg_signtx_peercoin.py .                      [ 79%]
../tests/device_tests/test_msg_ethereum_signtx_eip155.py ............... [ 82%]
..                                                                       [ 82%]
../tests/device_tests/test_msg_getecdhsessionkey.py .                    [ 83%]
../tests/device_tests/test_msg_nem_signtx_others.py ..                   [ 83%]
../tests/device_tests/test_msg_binance_sign_tx.py sss                    [ 84%]
../tests/device_tests/test_protection_levels.py ...............          [ 87%]
../tests/device_tests/test_msg_cardano_get_address_slip39_basic.py sss   [ 88%]
../tests/device_tests/test_msg_signtx_bgold.py .......                   [ 89%]
../tests/device_tests/test_reset_recovery_bip39.py s                     [ 89%]
../tests/device_tests/test_reset_backup.py ssssss                        [ 91%]
../tests/device_tests/test_msg_getaddress_show.py ...                    [ 91%]
../tests/device_tests/test_msg_loaddevice.py ..s.s                       [ 92%]
../tests/device_tests/test_msg_cardano_sign_transaction.py ssssss        [ 94%]
../tests/device_tests/test_msg_resetdevice_bip39.py ....                 [ 94%]
../tests/device_tests/test_msg_tezos_sign_tx.py sssssssssssss            [ 97%]
../tests/device_tests/test_msg_stellar_get_address.py ...                [ 98%]
../tests/device_tests/test_msg_change_wipe_code_t2.py sssss              [ 99%]
../tests/device_tests/test_passphrase_slip39_basic.py ss                 [100%]

=============================== warnings summary ===============================
/all/oz1/trezor-firmware/python/src/trezorlib/ckd_public.py:29
  /all/oz1/trezor-firmware/python/src/trezorlib/ckd_public.py:29: DeprecationWarning: ckd_public module is deprecated and will be removed
    warnings.warn("ckd_public module is deprecated and will be removed", DeprecationWarning)

-- Docs: https://docs.pytest.org/en/latest/warnings.html
===Flaky Test Report===

test_private_ckd passed 1 out of the required 1 times. Success!
test_cache passed 1 out of the required 1 times. Success!
test_public_ckd passed 1 out of the required 1 times. Success!

===End Flaky Test Report===
=========== 323 passed, 136 skipped, 1 warning in 1607.31s (0:26:47) ===========
